<?xml version="1.0" encoding="UTF-8"?>
<!-- Generated by org.testng.reporters.JUnitXMLReporter -->
<testsuite ignored="0" hostname="HpPoonam" failures="0" tests="6" name="Default test" time="0.207" errors="0" timestamp="2023-09-02T09:54:23 IST">
  <testcase classname="GettingStartedWithTestNG.M2" name="t10" time="0.02"/>
  <testcase classname="GettingStartedWithTestNG.M2" name="t11" time="0.007"/>
  <testcase classname="GettingStartedWithTestNG.M2" name="t12" time="0.004"/>
  <testcase classname="GettingStartedWithTestNG.M2" name="t7" time="0.005"/>
  <testcase classname="GettingStartedWithTestNG.M2" name="t8" time="0.006"/>
  <testcase classname="GettingStartedWithTestNG.M2" name="t9" time="0.007"/>
</testsuite> <!-- Default test -->
