<?xml version="1.0" encoding="UTF-8"?>
<!-- Generated by org.testng.reporters.JUnitXMLReporter -->
<testsuite ignored="0" hostname="HpPoonam" failures="1" tests="6" name="Test" time="0.217" errors="0" timestamp="2023-09-03T11:54:35 IST">
  <testcase classname="GettingStartedWithTestNG.M1" name="t5" time="0.018">
    <failure type="java.lang.AssertionError" message="null">
      <![CDATA[java.lang.AssertionError: null
at GettingStartedWithTestNG.M1.t5(M1.java:46)
at java.base/java.util.ArrayList.forEach(ArrayList.java:1511)
... Removed 29 stack frames]]>
    </failure>
  </testcase> <!-- t5 -->
  <testcase classname="GettingStartedWithTestNG.M1" name="t6" time="0.0">
    <skipped/>
  </testcase> <!-- t6 -->
  <testcase classname="GettingStartedWithTestNG.M1" name="t4" time="0.003"/>
  <testcase classname="GettingStartedWithTestNG.M1" name="t3" time="0.006"/>
  <testcase classname="GettingStartedWithTestNG.M1" name="t1" time="0.004"/>
  <testcase classname="GettingStartedWithTestNG.M1" name="t2" time="0.003"/>
</testsuite> <!-- Test -->
