<?xml version="1.0" encoding="UTF-8"?>
<testng-results ignored="0" total="1" passed="1" failed="0" skipped="0">
  <reporter-output>
  </reporter-output>
  <suite started-at="2023-09-02T11:17:41 IST" name="Suite" finished-at="2023-09-02T11:17:47 IST" duration-ms="5694">
    <groups>
    </groups>
    <test started-at="2023-09-02T11:17:41 IST" name="Test" finished-at="2023-09-02T11:17:47 IST" duration-ms="5694">
      <class name="LearnParameterization.LearnParameterization">
        <test-method signature="LaunchBrowser(java.lang.String)[pri:0, instance:LearnParameterization.LearnParameterization@5d534f5d]" started-at="2023-09-02T11:17:42 IST" name="LaunchBrowser" finished-at="2023-09-02T11:17:47 IST" duration-ms="5602" status="PASS">
          <params>
            <param index="0">
              <value>
                <![CDATA[Edge]]>
              </value>
            </param>
          </params>
          <reporter-output>
          </reporter-output>
        </test-method> <!-- LaunchBrowser -->
      </class> <!-- LearnParameterization.LearnParameterization -->
    </test> <!-- Test -->
  </suite> <!-- Suite -->
</testng-results>
